[debug] [2023-08-14T09:55:14.231Z] ----------------------------------------------------------------------
[debug] [2023-08-14T09:55:14.232Z] Command:       C:\Program Files\nodejs\node.exe C:\Users\simon\AppData\Roaming\npm\node_modules\firebase-tools\lib\bin\firebase.js init
[debug] [2023-08-14T09:55:14.233Z] CLI Version:   12.4.6
[debug] [2023-08-14T09:55:14.233Z] Platform:      win32
[debug] [2023-08-14T09:55:14.233Z] Node Version:  v18.13.0
[debug] [2023-08-14T09:55:14.234Z] Time:          Mon Aug 14 2023 10:55:14 GMT+0100 (British Summer Time)
[debug] [2023-08-14T09:55:14.234Z] ----------------------------------------------------------------------
[debug] 
[debug] [2023-08-14T09:55:14.237Z] >>> [apiv2][query] GET https://firebase-public.firebaseio.com/cli.json [none]
[debug] [2023-08-14T09:55:14.268Z] > command requires scopes: ["email","openid","https://www.googleapis.com/auth/cloudplatformprojects.readonly","https://www.googleapis.com/auth/firebase","https://www.googleapis.com/auth/cloud-platform"]
[debug] [2023-08-14T09:55:14.268Z] > authorizing via signed-in user (simonkojo630@gmail.com)
[info] 
     ######## #### ########  ######## ########     ###     ######  ########
     ##        ##  ##     ## ##       ##     ##  ##   ##  ##       ##
     ######    ##  ########  ######   ########  #########  ######  ######
     ##        ##  ##    ##  ##       ##     ## ##     ##       ## ##
     ##       #### ##     ## ######## ########  ##     ##  ######  ########

You're about to initialize a Firebase project in this directory:

  C:\Users\simon\Desktop\HelloWorldCICD

[debug] [2023-08-14T09:55:14.512Z] <<< [apiv2][status] GET https://firebase-public.firebaseio.com/cli.json 200
[debug] [2023-08-14T09:55:14.512Z] <<< [apiv2][body] GET https://firebase-public.firebaseio.com/cli.json {"cloudBuildErrorAfter":1594252800000,"cloudBuildWarnAfter":1590019200000,"defaultNode10After":1594252800000,"minVersion":"3.0.5","node8DeploysDisabledAfter":1613390400000,"node8RuntimeDisabledAfter":1615809600000,"node8WarnAfter":1600128000000}
